____________________ Game Data ------------------
Current Game State
Map:
111111111111111111111111111111111
1        1000000000110000001000S01
1        1011000001110000001000011
1       1001000000000000001111D11
111111111011000011100000000000011
100000000000000000000000000011111
10000000000000000000000000001
10000000000000000000000000001
10000000000001000000000000001
10000000000000000000000000001
100000000000000D0000000000001
11000001110101011111011110111
11110111 1110101 1000111010001
11111111 1111111 1111111111111

Map settings:
Mouse: false
Player speed: 1
Player move speed: 0.100000
Player rotation speed: 0.100000
Window width: 0
Window height: 0
Title: (null)
Textures:
NO: ./texture_stock/xpm/oxidized_copper_bulb.xpm
SO: NULL
WE: textures/WestTexture.xpm
EA: textures/EasthTexture.xpm
Colors:
Ceilling: 232038488
Floor: 1
Player pos: 0.000000 0.000000
Player dir: 0.000000
Player fov: 0.000000
____________________ Game Data ------------------
Current Game State
Map:
111111111111111111111111111111111
1        1000000000110000001000S01
1        1011000001110000001000011
1       1001000000000000001111D11
111111111011000011100000000000011
100000000000000000000000000011111
10000000000000000000000000001
10000000000000000000000000001
10000000000001000000000000001
10000000000000000000000000001
100000000000000D0000000000001
11000001110101011111011110111
11110111 1110101 1000111010001
11111111 1111111 1111111111111

Map settings:
Mouse: false
Player speed: 1
Player move speed: 0.100000
Player rotation speed: 0.100000
Window width: 0
Window height: 0
Title: (null)
Textures:
NO: ./texture_stock/xpm/oxidized_copper_bulb.xpm
SO: NULL
WE: textures/WestTexture.xpm
EA: textures/EasthTexture.xpm
Colors:
Ceilling: 314060888
Floor: 1
Player pos: 0.000000 0.000000
Player dir: 0.000000
Player fov: 0.000000
____________________ Game Data ------------------
Current Game State
Map:
111111111111111111111111111111111
1        1000000000110000001000S01
1        1011000001110000001000011
1       1001000000000000001111D11
111111111011000011100000000000011
100000000000000000000000000011111
10000000000000000000000000001
10000000000000000000000000001
10000000000001000000000000001
10000000000000000000000000001
100000000000000D0000000000001
11000001110101011111011110111
11110111 1110101 1000111010001
11111111 1111111 1111111111111

Map settings:
Mouse: false
Player speed: 1
Player move speed: 0.100000
Player rotation speed: 0.100000
Window width: 0
Window height: 0
Title: (null)
Textures:
NO: ./texture_stock/xpm/oxidized_copper_bulb.xpm
SO: NULL
WE: textures/WestTexture.xpm
EA: textures/EasthTexture.xpm
Colors:
Ceilling: 300331096
Floor: 1
Player pos: 0.000000 0.000000
Player dir: 0.000000
Player fov: 0.000000
____________________ Game Data ------------------
Current Game State
Map:
111111111111111111111111111111111
1        1000000000110000001000S01
1        1011000001110000001000011
1       1001000000000000001111D11
111111111011000011100000000000011
100000000000000000000000000011111
10000000000000000000000000001
10000000000000000000000000001
10000000000001000000000000001
10000000000000000000000000001
100000000000000D0000000000001
11000001110101011111011110111
11110111 1110101 1000111010001
11111111 1111111 1111111111111

Map settings:
Mouse: false
Player speed: 1
Player move speed: 0.100000
Player rotation speed: 0.100000
Window width: 0
Window height: 0
Title: (null)
Textures:
NO: ./texture_stock/xpm/oxidized_copper_bulb.xpm
SO: NULL
WE: textures/WestTexture.xpm
EA: textures/EasthTexture.xpm
Colors:
Ceilling: 238948440
Floor: 1
Player pos: 0.000000 0.000000
Player dir: 0.000000
Player fov: 0.000000
____________________ Game Data ------------------
Current Game State
Map:
111111111111111111111111111111111
1        1000000000110000001000S01
1        1011000001110000001000011
1       1001000000000000001111D11
111111111011000011100000000000011
100000000000000000000000000011111
10000000000000000000000000001
10000000000000000000000000001
10000000000001000000000000001
10000000000000000000000000001
100000000000000D0000000000001
11000001110101011111011110111
11110111 1110101 1000111010001
11111111 1111111 1111111111111

Map settings:
Mouse: false
Player speed: 1
Player move speed: 0.100000
Player rotation speed: 0.100000
Window width: 0
Window height: 0
Title: (null)
Textures:
NO: ./texture_stock/xpm/oxidized_copper_bulb.xpm
SO: NULL
WE: textures/WestTexture.xpm
EA: textures/EasthTexture.xpm
Colors:
Ceilling: 184066136
Floor: 1
Player pos: 0.000000 0.000000
Player dir: 0.000000
Player fov: 0.000000
____________________ Game Data ------------------
Current Game State
Map:

Map settings:
Mouse: false
Player speed: 1
Player move speed: 0.100000
Player rotation speed: 0.100000
Window width: 0
Window height: 0
Title: (null)
Textures:
NO: (null)SO: NULL
WE: (null)EA: (null)Colors:
Ceilling: 399794264
Floor: 1
Player pos: 0.000000 0.000000
Player dir: 0.000000
Player fov: 0.000000
____________________ Game Data ------------------
Current Game State
Map:

Map settings:
Mouse: false
Player speed: 1
Player move speed: 0.100000
Player rotation speed: 0.100000
Window width: 0
Window height: 0
Title: (null)
Textures:
NO: (null)SO: NULL
WE: (null)EA: (null)Colors:
Ceilling: 231628888
Floor: 1
Player pos: 0.000000 0.000000
Player dir: 0.000000
Player fov: 0.000000
____________________ Game Data ------------------
Current Game State
Map:
111111111111111111111111111111111
1        1000000000110000001000S01
1        1011000001110000001000011
1       1001000000000000001111D11
111111111011000011100000000000011
100000000000000000000000000011111
10000000000000000000000000001
10000000000000000000000000001
10000000000001000000000000001
10000000000000000000000000001
100000000000000D0000000000001
11000001110101011111011110111
11110111 1110101 1000111010001
11111111 1111111 1111111111111

Map settings:
Mouse: false
Player speed: 1
Player move speed: 0.100000
Player rotation speed: 0.100000
Window width: 0
Window height: 0
Title: (null)
Textures:
NO: ./texture_stock/xpm/oxidized_copper_bulb.xpm
SO: NULL
WE: textures/WestTexture.xpm
EA: textures/EasthTexture.xpm
Colors:
Ceilling: 93069400
Floor: 1
Player pos: 0.000000 0.000000
Player dir: 0.000000
Player fov: 0.000000
____________________ Game Data ------------------
Current Game State
Map:
111111111111111111111111111111111
1        1000000000110000001000S01
1        1011000001110000001000011
1       1001000000000000001111D11
111111111011000011100000000000011
100000000000000000000000000011111
10000000000000000000000000001
10000000000000000000000000001
10000000000001000000000000001
10000000000000000000000000001
100000000000000D0000000000001
11000001110101011111011110111
11110111 1110101 1000111010001
11111111 1111111 1111111111111

Map settings:
Mouse: false
Player speed: 1
Player move speed: 0.100000
Player rotation speed: 0.100000
Window width: 0
Window height: 0
Title: (null)
Textures:
NO: ./texture_stock/xpm/oxidized_copper_bulb.xpm
SO: NULL
WE: textures/WestTexture.xpm
EA: textures/EasthTexture.xpm
Colors:
Ceilling: 483536984
Floor: 1
Player pos: 0.000000 0.000000
Player dir: 0.000000
Player fov: 0.000000
____________________ Game Data ------------------
Current Game State
Map:
111111111111111111111111111111111
1        1000000000110000001000S01
1        1011000001110000001000011
1       1001000000000000001111D11
111111111011000011100000000000011
100000000000000000000000000011111
10000000000000000000000000001
10000000000000000000000000001
10000000000001000000000000001
10000000000000000000000000001
100000000000000D0000000000001
11000001110101011111011110111
11110111 1110101 1000111010001
11111111 1111111 1111111111111

Map settings:
Mouse: false
Player speed: 1
Player move speed: 0.100000
Player rotation speed: 0.100000
Window width: 0
Window height: 0
Title: (null)
Textures:
NO: ./texture_stock/xpm/oxidized_copper_bulb.xpm
SO: NULL
WE: textures/WestTexture.xpm
EA: textures/EasthTexture.xpm
Colors:
Ceilling: 83136600
Floor: 1
Player pos: 0.000000 0.000000
Player dir: 0.000000
Player fov: 0.000000
____________________ Game Data ------------------
Current Game State
Map:
111111111111111111111111111111111
1        1000000000110000001000S01
1        1011000001110000001000011
1       1001000000000000001111D11
111111111011000011100000000000011
100000000000000000000000000011111
10000000000000000000000000001
10000000000000000000000000001
10000000000001000000000000001
10000000000000000000000000001
100000000000000D0000000000001
11000001110101011111011110111
11110111 1110101 1000111010001
11111111 1111111 1111111111111

Map settings:
Mouse: false
Player speed: 1
Player move speed: 0.100000
Player rotation speed: 0.100000
Window width: 0
Window height: 0
Title: (null)
Textures:
NO: ./texture_stock/xpm/oxidized_copper_bulb.xpm
SO: NULL
WE: textures/WestTexture.xpm
EA: textures/EasthTexture.xpm
Colors:
Ceilling: 240099416
Floor: 1
Player pos: 0.000000 0.000000
Player dir: 0.000000
Player fov: 0.000000
____________________ Game Data ------------------
Current Game State
Map:
111111111111111111111111111111111
1        1000000000110000001000S01
1        1011000001110000001000011
1       1001000000000000001111D11
111111111011000011100000000000011
100000000000000000000000000011111
10000000000000000000000000001
10000000000000000000000000001
10000000000001000000000000001
10000000000000000000000000001
100000000000000D0000000000001
11000001110101011111011110111
11110111 1110101 1000111010001
11111111 1111111 1111111111111

Map settings:
Mouse: false
Player speed: 1
Player move speed: 0.100000
Player rotation speed: 0.100000
Window width: 0
Window height: 0
Title: (null)
Textures:
NO: ./texture_stock/xpm/oxidized_copper_bulb.xpm
SO: NULL
WE: ./texture_stock/xpm/exposed_copper_bulb_lit_powered.xpm
EA: ./texture_stock/xpm/exposed_copper_bulb_lit.xpm
Colors:
Ceilling: 359174232
Floor: 1
Player pos: 0.000000 0.000000
Player dir: 0.000000
Player fov: 0.000000
