--------------- Mouse Move Event Called _________________
Previous Mouse X: 640
New Mouse X: 430
Diff X: -210 pixel
Player Direction Before: 6.106217
Player Direction After: 5.896217
----------------------------------------------------------
--------------- Mouse Move Event Called _________________
Previous Mouse X: 640
New Mouse X: 708
Diff X: 68 pixel
Player Direction Before: 5.896217
Player Direction After: 5.964217
----------------------------------------------------------
--------------- Mouse Move Event Called _________________
Previous Mouse X: 640
New Mouse X: 716
Diff X: 76 pixel
Player Direction Before: 5.964217
Player Direction After: 6.040217
----------------------------------------------------------
--------------- Mouse Move Event Called _________________
Previous Mouse X: 640
New Mouse X: 1009
Diff X: 369 pixel
Player Direction Before: 6.040217
Player Direction After: 6.409217
----------------------------------------------------------
--------------- Mouse Move Event Called _________________
Previous Mouse X: 640
New Mouse X: 1098
Diff X: 458 pixel
Player Direction Before: 0.126032
Player Direction After: 0.584032
----------------------------------------------------------
--------------- Mouse Move Event Called _________________
Previous Mouse X: 640
New Mouse X: 1189
Diff X: 549 pixel
Player Direction Before: 0.584032
Player Direction After: 1.133032
----------------------------------------------------------
--------------- Mouse Move Event Called _________________
Previous Mouse X: 640
New Mouse X: 1186
Diff X: 546 pixel
Player Direction Before: 1.133032
Player Direction After: 1.679032
----------------------------------------------------------
--------------- Mouse Move Event Called _________________
Previous Mouse X: 640
New Mouse X: 1611
Diff X: 971 pixel
Player Direction Before: 1.679032
Player Direction After: 2.650032
----------------------------------------------------------
--------------- Mouse Move Event Called _________________
Previous Mouse X: 640
New Mouse X: 835
Diff X: 195 pixel
Player Direction Before: 2.650032
Player Direction After: 2.845032
----------------------------------------------------------
--------------- Mouse Move Event Called _________________
Previous Mouse X: 640
New Mouse X: 630
Diff X: -10 pixel
Player Direction Before: 2.845032
Player Direction After: 2.835032
----------------------------------------------------------
--------------- Mouse Move Event Called _________________
Previous Mouse X: 640
New Mouse X: 555
Diff X: -85 pixel
Player Direction Before: 2.835032
Player Direction After: 2.750032
----------------------------------------------------------
--------------- Mouse Move Event Called _________________
Previous Mouse X: 640
New Mouse X: 432
Diff X: -208 pixel
Player Direction Before: 2.750032
Player Direction After: 2.542032
----------------------------------------------------------
--------------- Mouse Move Event Called _________________
Previous Mouse X: 640
New Mouse X: 30
Diff X: -610 pixel
Player Direction Before: 2.542032
Player Direction After: 1.932032
----------------------------------------------------------
--------------- Mouse Move Event Called _________________
Previous Mouse X: 640
New Mouse X: 92
Diff X: -548 pixel
Player Direction Before: 1.932032
Player Direction After: 1.384032
----------------------------------------------------------
--------------- Mouse Move Event Called _________________
Previous Mouse X: 640
New Mouse X: -100
Diff X: -740 pixel
Player Direction Before: 1.384032
Player Direction After: 0.644032
----------------------------------------------------------
--------------- Mouse Move Event Called _________________
Previous Mouse X: 640
New Mouse X: 88
Diff X: -552 pixel
Player Direction Before: 0.644032
Player Direction After: 0.092032
----------------------------------------------------------
--------------- Mouse Move Event Called _________________
Previous Mouse X: 640
New Mouse X: 90
Diff X: -550 pixel
Player Direction Before: 0.092032
Player Direction After: -0.457968
----------------------------------------------------------
--------------- Mouse Move Event Called _________________
Previous Mouse X: 640
New Mouse X: -100
Diff X: -740 pixel
Player Direction Before: 5.825217
Player Direction After: 5.085217
----------------------------------------------------------
--------------- Mouse Move Event Called _________________
Previous Mouse X: 640
New Mouse X: 123
Diff X: -517 pixel
Player Direction Before: 5.085217
Player Direction After: 4.568217
----------------------------------------------------------
--------------- Mouse Move Event Called _________________
Previous Mouse X: 640
New Mouse X: 66
Diff X: -574 pixel
Player Direction Before: 4.568217
Player Direction After: 3.994217
----------------------------------------------------------
--------------- Mouse Move Event Called _________________
Previous Mouse X: 640
New Mouse X: 276
Diff X: -364 pixel
Player Direction Before: 3.994217
Player Direction After: 3.630217
----------------------------------------------------------
--------------- Mouse Move Event Called _________________
Previous Mouse X: 640
New Mouse X: -51
Diff X: -691 pixel
Player Direction Before: 3.630217
Player Direction After: 2.939217
----------------------------------------------------------
--------------- Mouse Move Event Called _________________
Previous Mouse X: 640
New Mouse X: 431
Diff X: -209 pixel
Player Direction Before: 2.939217
Player Direction After: 2.730217
----------------------------------------------------------
--------------- Mouse Move Event Called _________________
Previous Mouse X: 640
New Mouse X: 547
Diff X: -93 pixel
Player Direction Before: 2.730217
Player Direction After: 2.637217
----------------------------------------------------------
--------------- Mouse Move Event Called _________________
Previous Mouse X: 640
New Mouse X: 500
Diff X: -140 pixel
Player Direction Before: 2.637217
Player Direction After: 2.497217
----------------------------------------------------------
--------------- Mouse Move Event Called _________________
Previous Mouse X: 640
New Mouse X: 583
Diff X: -57 pixel
Player Direction Before: 2.497217
Player Direction After: 2.440217
----------------------------------------------------------
--------------- Mouse Move Event Called _________________
Previous Mouse X: 640
New Mouse X: 538
Diff X: -102 pixel
Player Direction Before: 2.440217
Player Direction After: 2.338217
----------------------------------------------------------
--------------- Mouse Move Event Called _________________
Previous Mouse X: 640
New Mouse X: 506
Diff X: -134 pixel
Player Direction Before: 2.338217
Player Direction After: 2.204217
----------------------------------------------------------
--------------- Mouse Move Event Called _________________
Previous Mouse X: 640
New Mouse X: 429
Diff X: -211 pixel
Player Direction Before: 2.204217
Player Direction After: 1.993217
----------------------------------------------------------
--------------- Mouse Move Event Called _________________
Previous Mouse X: 640
New Mouse X: 570
Diff X: -70 pixel
Player Direction Before: 1.993217
Player Direction After: 1.923217
----------------------------------------------------------
--------------- Mouse Move Event Called _________________
Previous Mouse X: 640
New Mouse X: 586
Diff X: -54 pixel
Player Direction Before: 1.923217
Player Direction After: 1.869217
----------------------------------------------------------
--------------- Mouse Move Event Called _________________
Previous Mouse X: 640
New Mouse X: 583
Diff X: -57 pixel
Player Direction Before: 1.869217
Player Direction After: 1.812217
----------------------------------------------------------
--------------- Mouse Move Event Called _________________
Previous Mouse X: 640
New Mouse X: 497
Diff X: -143 pixel
Player Direction Before: 1.812217
Player Direction After: 1.669217
----------------------------------------------------------
--------------- Mouse Move Event Called _________________
Previous Mouse X: 640
New Mouse X: 423
Diff X: -217 pixel
Player Direction Before: 1.669217
Player Direction After: 1.452217
----------------------------------------------------------
--------------- Mouse Move Event Called _________________
Previous Mouse X: 640
New Mouse X: 250
Diff X: -390 pixel
Player Direction Before: 1.452217
Player Direction After: 1.062217
----------------------------------------------------------
--------------- Mouse Move Event Called _________________
Previous Mouse X: 640
New Mouse X: 565
Diff X: -75 pixel
Player Direction Before: 1.062217
Player Direction After: 0.987217
----------------------------------------------------------
--------------- Mouse Move Event Called _________________
Previous Mouse X: 640
New Mouse X: 634
Diff X: -6 pixel
Player Direction Before: 0.987217
Player Direction After: 0.981217
----------------------------------------------------------
--------------- Mouse Move Event Called _________________
Previous Mouse X: 640
New Mouse X: 669
Diff X: 29 pixel
Player Direction Before: 0.981217
Player Direction After: 1.010217
----------------------------------------------------------
--------------- Mouse Move Event Called _________________
Previous Mouse X: 640
New Mouse X: 926
Diff X: 286 pixel
Player Direction Before: 1.010217
Player Direction After: 1.296217
----------------------------------------------------------
--------------- Mouse Move Event Called _________________
Previous Mouse X: 640
New Mouse X: 1095
Diff X: 455 pixel
Player Direction Before: 1.296217
Player Direction After: 1.751217
----------------------------------------------------------
--------------- Mouse Move Event Called _________________
Previous Mouse X: 640
New Mouse X: 1276
Diff X: 636 pixel
Player Direction Before: 1.751217
Player Direction After: 2.387217
----------------------------------------------------------
--------------- Mouse Move Event Called _________________
Previous Mouse X: 640
New Mouse X: 1479
Diff X: 839 pixel
Player Direction Before: 2.387217
Player Direction After: 3.226217
----------------------------------------------------------
--------------- Mouse Move Event Called _________________
Previous Mouse X: 640
New Mouse X: 2318
Diff X: 1678 pixel
Player Direction Before: 3.226217
Player Direction After: 4.904217
----------------------------------------------------------
--------------- Mouse Move Event Called _________________
Previous Mouse X: 640
New Mouse X: 779
Diff X: 139 pixel
Player Direction Before: 4.904217
Player Direction After: 5.043217
----------------------------------------------------------
--------------- Mouse Move Event Called _________________
Previous Mouse X: 640
New Mouse X: 1479
Diff X: 839 pixel
Player Direction Before: 5.043217
Player Direction After: 5.882217
----------------------------------------------------------
--------------- Mouse Move Event Called _________________
Previous Mouse X: 640
New Mouse X: 1479
Diff X: 839 pixel
Player Direction Before: 5.882217
Player Direction After: 6.721217
----------------------------------------------------------
--------------- Mouse Move Event Called _________________
Previous Mouse X: 640
New Mouse X: 1339
Diff X: 699 pixel
Player Direction Before: 0.438032
Player Direction After: 1.137032
----------------------------------------------------------
--------------- Mouse Move Event Called _________________
Previous Mouse X: 640
New Mouse X: 1339
Diff X: 699 pixel
Player Direction Before: 1.137032
Player Direction After: 1.836032
----------------------------------------------------------
--------------- Mouse Move Event Called _________________
Previous Mouse X: 640
New Mouse X: 1212
Diff X: 572 pixel
Player Direction Before: 1.836032
Player Direction After: 2.408032
----------------------------------------------------------
--------------- Mouse Move Event Called _________________
Previous Mouse X: 640
New Mouse X: 898
Diff X: 258 pixel
Player Direction Before: 2.408032
Player Direction After: 2.666032
----------------------------------------------------------
--------------- Mouse Move Event Called _________________
Previous Mouse X: 640
New Mouse X: -93
Diff X: -733 pixel
Player Direction Before: 2.666032
Player Direction After: 1.933032
----------------------------------------------------------
--------------- Mouse Move Event Called _________________
Previous Mouse X: 640
New Mouse X: -100
Diff X: -740 pixel
Player Direction Before: 1.933032
Player Direction After: 1.193032
----------------------------------------------------------
--------------- Mouse Move Event Called _________________
Previous Mouse X: 640
New Mouse X: -100
Diff X: -740 pixel
Player Direction Before: 1.193032
Player Direction After: 0.453032
----------------------------------------------------------
--------------- Mouse Move Event Called _________________
Previous Mouse X: 640
New Mouse X: -59
Diff X: -699 pixel
Player Direction Before: 0.453032
Player Direction After: -0.245968
----------------------------------------------------------
--------------- Mouse Move Event Called _________________
Previous Mouse X: 640
New Mouse X: -59
Diff X: -699 pixel
Player Direction Before: 6.037217
Player Direction After: 5.338217
----------------------------------------------------------
--------------- Mouse Move Event Called _________________
Previous Mouse X: 640
New Mouse X: -100
Diff X: -740 pixel
Player Direction Before: 5.338217
Player Direction After: 4.598217
----------------------------------------------------------
--------------- Mouse Move Event Called _________________
Previous Mouse X: 640
New Mouse X: -100
Diff X: -740 pixel
Player Direction Before: 4.598217
Player Direction After: 3.858217
----------------------------------------------------------
--------------- Mouse Move Event Called _________________
Previous Mouse X: 640
New Mouse X: 52
Diff X: -588 pixel
Player Direction Before: 3.858217
Player Direction After: 3.270217
----------------------------------------------------------
--------------- Mouse Move Event Called _________________
Previous Mouse X: 640
New Mouse X: 1030
Diff X: 390 pixel
Player Direction Before: 3.270217
Player Direction After: 3.660217
----------------------------------------------------------
--------------- Mouse Move Event Called _________________
Previous Mouse X: 640
New Mouse X: 1467
Diff X: 827 pixel
Player Direction Before: 3.660217
Player Direction After: 4.487217
----------------------------------------------------------
--------------- Mouse Move Event Called _________________
Previous Mouse X: 640
New Mouse X: 1616
Diff X: 976 pixel
Player Direction Before: 4.487217
Player Direction After: 5.463217
----------------------------------------------------------
--------------- Mouse Move Event Called _________________
Previous Mouse X: 640
New Mouse X: 1479
Diff X: 839 pixel
Player Direction Before: 5.463217
Player Direction After: 6.302217
----------------------------------------------------------
--------------- Mouse Move Event Called _________________
Previous Mouse X: 640
New Mouse X: 2318
Diff X: 1678 pixel
Player Direction Before: 0.019032
Player Direction After: 1.697032
----------------------------------------------------------
--------------- Mouse Move Event Called _________________
Previous Mouse X: 640
New Mouse X: 1142
Diff X: 502 pixel
Player Direction Before: 1.697032
Player Direction After: 2.199032
----------------------------------------------------------
--------------- Mouse Move Event Called _________________
Previous Mouse X: 640
New Mouse X: -55
Diff X: -695 pixel
Player Direction Before: 2.199032
Player Direction After: 1.504032
----------------------------------------------------------
--------------- Mouse Move Event Called _________________
Previous Mouse X: 640
New Mouse X: -100
Diff X: -740 pixel
Player Direction Before: 1.504032
Player Direction After: 0.764032
----------------------------------------------------------
--------------- Mouse Move Event Called _________________
Previous Mouse X: 640
New Mouse X: -100
Diff X: -740 pixel
Player Direction Before: 0.764032
Player Direction After: 0.024032
----------------------------------------------------------
--------------- Mouse Move Event Called _________________
Previous Mouse X: 640
New Mouse X: -59
Diff X: -699 pixel
Player Direction Before: 0.024032
Player Direction After: -0.674968
----------------------------------------------------------
--------------- Mouse Move Event Called _________________
Previous Mouse X: 640
New Mouse X: -100
Diff X: -740 pixel
Player Direction Before: 5.608217
Player Direction After: 4.868217
----------------------------------------------------------
--------------- Mouse Move Event Called _________________
Previous Mouse X: 640
New Mouse X: -100
Diff X: -740 pixel
Player Direction Before: 4.868217
Player Direction After: 4.128217
----------------------------------------------------------
--------------- Mouse Move Event Called _________________
Previous Mouse X: 640
New Mouse X: 737
Diff X: 97 pixel
Player Direction Before: 4.128217
Player Direction After: 4.225217
----------------------------------------------------------
--------------- Mouse Move Event Called _________________
Previous Mouse X: 640
New Mouse X: 1462
Diff X: 822 pixel
Player Direction Before: 4.225217
Player Direction After: 5.047217
----------------------------------------------------------
--------------- Mouse Move Event Called _________________
Previous Mouse X: 640
New Mouse X: 1615
Diff X: 975 pixel
Player Direction Before: 5.047217
Player Direction After: 6.022217
----------------------------------------------------------
--------------- Mouse Move Event Called _________________
Previous Mouse X: 640
New Mouse X: 1339
Diff X: 699 pixel
Player Direction Before: 6.022217
Player Direction After: 6.721217
----------------------------------------------------------
--------------- Mouse Move Event Called _________________
Previous Mouse X: 640
New Mouse X: 2178
Diff X: 1538 pixel
Player Direction Before: 0.438032
Player Direction After: 1.976032
----------------------------------------------------------
--------------- Mouse Move Event Called _________________
Previous Mouse X: 640
New Mouse X: 1075
Diff X: 435 pixel
Player Direction Before: 1.976032
Player Direction After: 2.411032
----------------------------------------------------------
--------------- Mouse Move Event Called _________________
Previous Mouse X: 640
New Mouse X: -100
Diff X: -740 pixel
Player Direction Before: 2.411032
Player Direction After: 1.671032
----------------------------------------------------------
--------------- Mouse Move Event Called _________________
Previous Mouse X: 640
New Mouse X: -100
Diff X: -740 pixel
Player Direction Before: 1.671032
Player Direction After: 0.931032
----------------------------------------------------------
--------------- Mouse Move Event Called _________________
Previous Mouse X: 640
New Mouse X: 500
Diff X: -140 pixel
Player Direction Before: 0.931032
Player Direction After: 0.791032
----------------------------------------------------------
--------------- Mouse Move Event Called _________________
Previous Mouse X: 640
New Mouse X: 81
Diff X: -559 pixel
Player Direction Before: 0.791032
Player Direction After: 0.232032
----------------------------------------------------------
--------------- Mouse Move Event Called _________________
Previous Mouse X: 640
New Mouse X: -59
Diff X: -699 pixel
Player Direction Before: 0.232032
Player Direction After: -0.466968
----------------------------------------------------------
--------------- Mouse Move Event Called _________________
Previous Mouse X: 640
New Mouse X: -100
Diff X: -740 pixel
Player Direction Before: 5.816217
Player Direction After: 5.076217
----------------------------------------------------------
--------------- Mouse Move Event Called _________________
Previous Mouse X: 640
New Mouse X: -100
Diff X: -740 pixel
Player Direction Before: 5.076217
Player Direction After: 4.336217
----------------------------------------------------------
--------------- Mouse Move Event Called _________________
Previous Mouse X: 640
New Mouse X: -100
Diff X: -740 pixel
Player Direction Before: 4.336217
Player Direction After: 3.596217
----------------------------------------------------------
--------------- Mouse Move Event Called _________________
Previous Mouse X: 640
New Mouse X: 1047
Diff X: 407 pixel
Player Direction Before: 3.596217
Player Direction After: 4.003217
----------------------------------------------------------
--------------- Mouse Move Event Called _________________
Previous Mouse X: 640
New Mouse X: 1479
Diff X: 839 pixel
Player Direction Before: 4.003217
Player Direction After: 4.842217
----------------------------------------------------------
--------------- Mouse Move Event Called _________________
Previous Mouse X: 640
New Mouse X: 2315
Diff X: 1675 pixel
Player Direction Before: 4.842217
Player Direction After: 6.517217
----------------------------------------------------------
--------------- Mouse Move Event Called _________________
Previous Mouse X: 640
New Mouse X: 779
Diff X: 139 pixel
Player Direction Before: 0.234032
Player Direction After: 0.373032
----------------------------------------------------------
--------------- Mouse Move Event Called _________________
Previous Mouse X: 640
New Mouse X: 1199
Diff X: 559 pixel
Player Direction Before: 0.373032
Player Direction After: 0.932032
----------------------------------------------------------
--------------- Mouse Move Event Called _________________
Previous Mouse X: 640
New Mouse X: 1339
Diff X: 699 pixel
Player Direction Before: 0.932032
Player Direction After: 1.631032
----------------------------------------------------------
--------------- Mouse Move Event Called _________________
Previous Mouse X: 640
New Mouse X: 2178
Diff X: 1538 pixel
Player Direction Before: 1.631032
Player Direction After: 3.169032
----------------------------------------------------------
--------------- Mouse Move Event Called _________________
Previous Mouse X: 640
New Mouse X: 1479
Diff X: 839 pixel
Player Direction Before: 3.169032
Player Direction After: 4.008032
----------------------------------------------------------
--------------- Mouse Move Event Called _________________
Previous Mouse X: 640
New Mouse X: 878
Diff X: 238 pixel
Player Direction Before: 4.008032
Player Direction After: 4.246032
----------------------------------------------------------
--------------- Mouse Move Event Called _________________
Previous Mouse X: 640
New Mouse X: 639
Diff X: -1 pixel
Player Direction Before: 4.246032
Player Direction After: 4.245032
----------------------------------------------------------
--------------- Mouse Move Event Called _________________
Previous Mouse X: 640
New Mouse X: 640
Diff X: 0 pixel
Player Direction Before: 4.245032
Player Direction After: 4.245032
----------------------------------------------------------
--------------- Mouse Move Event Called _________________
Previous Mouse X: 640
New Mouse X: 640
Diff X: 0 pixel
Player Direction Before: 4.245032
Player Direction After: 4.245032
----------------------------------------------------------
